ERROR - 2026-04-24 09:05:43 --> Error connecting to the database: Error: Call to undefined function CodeIgniter\Database\Postgre\pg_connect() in /home/adam/repository/kliksampaisah/system/Database/Postgre/Connection.php:78
Stack trace:
#0 /home/adam/repository/kliksampaisah/system/Database/BaseConnection.php(555): CodeIgniter\Database\Postgre\Connection->connect()
#1 /home/adam/repository/kliksampaisah/system/Database/BaseConnection.php(795): CodeIgniter\Database\BaseConnection->initialize()
#2 /home/adam/repository/kliksampaisah/system/Database/BaseBuilder.php(1649): CodeIgniter\Database\BaseConnection->query()
#3 /home/adam/repository/kliksampaisah/system/Model.php(295): CodeIgniter\Database\BaseBuilder->get()
#4 /home/adam/repository/kliksampaisah/system/BaseModel.php(714): CodeIgniter\Model->doFirst()
#5 /home/adam/repository/kliksampaisah/app/Controllers/Auth.php(183): CodeIgniter\BaseModel->first()
#6 /home/adam/repository/kliksampaisah/system/CodeIgniter.php(951): App\Controllers\Auth->googleAuth()
#7 /home/adam/repository/kliksampaisah/system/CodeIgniter.php(497): CodeIgniter\CodeIgniter->runController()
#8 /home/adam/repository/kliksampaisah/system/CodeIgniter.php(340): CodeIgniter\CodeIgniter->handleRequest()
#9 /home/adam/repository/kliksampaisah/system/Boot.php(417): CodeIgniter\CodeIgniter->run()
#10 /home/adam/repository/kliksampaisah/system/Boot.php(68): CodeIgniter\Boot::runCodeIgniter()
#11 /home/adam/repository/kliksampaisah/public/index.php(59): CodeIgniter\Boot::bootWeb()
#12 /home/adam/repository/kliksampaisah/system/rewrite.php(44): require_once('...')
#13 {main}
CRITICAL - 2026-04-24 09:05:43 --> CodeIgniter\Database\Exceptions\DatabaseException: Unable to connect to the database.
Main connection [Postgre]: Call to undefined function CodeIgniter\Database\Postgre\pg_connect()
[Method: GET, Route: auth/googleCallback]
in SYSTEMPATH/Database/BaseConnection.php on line 606.
 1 SYSTEMPATH/Database/BaseConnection.php(795): CodeIgniter\Database\BaseConnection->initialize()
 2 SYSTEMPATH/Database/BaseBuilder.php(1649): CodeIgniter\Database\BaseConnection->query()
 3 SYSTEMPATH/Model.php(295): CodeIgniter\Database\BaseBuilder->get()
 4 SYSTEMPATH/BaseModel.php(714): CodeIgniter\Model->doFirst()
 5 APPPATH/Controllers/Auth.php(183): CodeIgniter\BaseModel->first()
 6 SYSTEMPATH/CodeIgniter.php(951): App\Controllers\Auth->googleAuth()
 7 SYSTEMPATH/CodeIgniter.php(497): CodeIgniter\CodeIgniter->runController()
 8 SYSTEMPATH/CodeIgniter.php(340): CodeIgniter\CodeIgniter->handleRequest()
 9 SYSTEMPATH/Boot.php(417): CodeIgniter\CodeIgniter->run()
10 SYSTEMPATH/Boot.php(68): CodeIgniter\Boot::runCodeIgniter()
11 FCPATH/index.php(59): CodeIgniter\Boot::bootWeb()
12 SYSTEMPATH/rewrite.php(44): require_once('/home/adam/repository/kliksampaisah/public/index.php')
ERROR - 2026-04-24 09:07:08 --> Error connecting to the database: Error: Call to undefined function CodeIgniter\Database\Postgre\pg_connect() in /home/adam/repository/kliksampaisah/system/Database/Postgre/Connection.php:78
Stack trace:
#0 /home/adam/repository/kliksampaisah/system/Database/BaseConnection.php(555): CodeIgniter\Database\Postgre\Connection->connect()
#1 /home/adam/repository/kliksampaisah/system/Database/BaseConnection.php(795): CodeIgniter\Database\BaseConnection->initialize()
#2 /home/adam/repository/kliksampaisah/system/Database/BaseBuilder.php(1649): CodeIgniter\Database\BaseConnection->query()
#3 /home/adam/repository/kliksampaisah/system/Model.php(295): CodeIgniter\Database\BaseBuilder->get()
#4 /home/adam/repository/kliksampaisah/system/BaseModel.php(714): CodeIgniter\Model->doFirst()
#5 /home/adam/repository/kliksampaisah/app/Controllers/Auth.php(205): CodeIgniter\BaseModel->first()
#6 /home/adam/repository/kliksampaisah/system/CodeIgniter.php(951): App\Controllers\Auth->googleAuth()
#7 /home/adam/repository/kliksampaisah/system/CodeIgniter.php(497): CodeIgniter\CodeIgniter->runController()
#8 /home/adam/repository/kliksampaisah/system/CodeIgniter.php(340): CodeIgniter\CodeIgniter->handleRequest()
#9 /home/adam/repository/kliksampaisah/system/Boot.php(417): CodeIgniter\CodeIgniter->run()
#10 /home/adam/repository/kliksampaisah/system/Boot.php(68): CodeIgniter\Boot::runCodeIgniter()
#11 /home/adam/repository/kliksampaisah/public/index.php(59): CodeIgniter\Boot::bootWeb()
#12 /home/adam/repository/kliksampaisah/system/rewrite.php(44): require_once('...')
#13 {main}
CRITICAL - 2026-04-24 09:07:08 --> CodeIgniter\Database\Exceptions\DatabaseException: Unable to connect to the database.
Main connection [Postgre]: Call to undefined function CodeIgniter\Database\Postgre\pg_connect()
[Method: GET, Route: auth/googleCallback]
in SYSTEMPATH/Database/BaseConnection.php on line 606.
 1 SYSTEMPATH/Database/BaseConnection.php(795): CodeIgniter\Database\BaseConnection->initialize()
 2 SYSTEMPATH/Database/BaseBuilder.php(1649): CodeIgniter\Database\BaseConnection->query()
 3 SYSTEMPATH/Model.php(295): CodeIgniter\Database\BaseBuilder->get()
 4 SYSTEMPATH/BaseModel.php(714): CodeIgniter\Model->doFirst()
 5 APPPATH/Controllers/Auth.php(205): CodeIgniter\BaseModel->first()
 6 SYSTEMPATH/CodeIgniter.php(951): App\Controllers\Auth->googleAuth()
 7 SYSTEMPATH/CodeIgniter.php(497): CodeIgniter\CodeIgniter->runController()
 8 SYSTEMPATH/CodeIgniter.php(340): CodeIgniter\CodeIgniter->handleRequest()
 9 SYSTEMPATH/Boot.php(417): CodeIgniter\CodeIgniter->run()
10 SYSTEMPATH/Boot.php(68): CodeIgniter\Boot::runCodeIgniter()
11 FCPATH/index.php(59): CodeIgniter\Boot::bootWeb()
12 SYSTEMPATH/rewrite.php(44): require_once('/home/adam/repository/kliksampaisah/public/index.php')
ERROR - 2026-04-24 09:07:19 --> Token Error: {"error":"invalid_grant","error_description":"Bad Request"}
ERROR - 2026-04-24 09:07:25 --> Error connecting to the database: Error: Call to undefined function CodeIgniter\Database\Postgre\pg_connect() in /home/adam/repository/kliksampaisah/system/Database/Postgre/Connection.php:78
Stack trace:
#0 /home/adam/repository/kliksampaisah/system/Database/BaseConnection.php(555): CodeIgniter\Database\Postgre\Connection->connect()
#1 /home/adam/repository/kliksampaisah/system/Database/BaseConnection.php(795): CodeIgniter\Database\BaseConnection->initialize()
#2 /home/adam/repository/kliksampaisah/system/Database/BaseBuilder.php(1649): CodeIgniter\Database\BaseConnection->query()
#3 /home/adam/repository/kliksampaisah/system/Model.php(295): CodeIgniter\Database\BaseBuilder->get()
#4 /home/adam/repository/kliksampaisah/system/BaseModel.php(714): CodeIgniter\Model->doFirst()
#5 /home/adam/repository/kliksampaisah/app/Controllers/Auth.php(205): CodeIgniter\BaseModel->first()
#6 /home/adam/repository/kliksampaisah/system/CodeIgniter.php(951): App\Controllers\Auth->googleAuth()
#7 /home/adam/repository/kliksampaisah/system/CodeIgniter.php(497): CodeIgniter\CodeIgniter->runController()
#8 /home/adam/repository/kliksampaisah/system/CodeIgniter.php(340): CodeIgniter\CodeIgniter->handleRequest()
#9 /home/adam/repository/kliksampaisah/system/Boot.php(417): CodeIgniter\CodeIgniter->run()
#10 /home/adam/repository/kliksampaisah/system/Boot.php(68): CodeIgniter\Boot::runCodeIgniter()
#11 /home/adam/repository/kliksampaisah/public/index.php(59): CodeIgniter\Boot::bootWeb()
#12 /home/adam/repository/kliksampaisah/system/rewrite.php(44): require_once('...')
#13 {main}
CRITICAL - 2026-04-24 09:07:25 --> CodeIgniter\Database\Exceptions\DatabaseException: Unable to connect to the database.
Main connection [Postgre]: Call to undefined function CodeIgniter\Database\Postgre\pg_connect()
[Method: GET, Route: auth/googleCallback]
in SYSTEMPATH/Database/BaseConnection.php on line 606.
 1 SYSTEMPATH/Database/BaseConnection.php(795): CodeIgniter\Database\BaseConnection->initialize()
 2 SYSTEMPATH/Database/BaseBuilder.php(1649): CodeIgniter\Database\BaseConnection->query()
 3 SYSTEMPATH/Model.php(295): CodeIgniter\Database\BaseBuilder->get()
 4 SYSTEMPATH/BaseModel.php(714): CodeIgniter\Model->doFirst()
 5 APPPATH/Controllers/Auth.php(205): CodeIgniter\BaseModel->first()
 6 SYSTEMPATH/CodeIgniter.php(951): App\Controllers\Auth->googleAuth()
 7 SYSTEMPATH/CodeIgniter.php(497): CodeIgniter\CodeIgniter->runController()
 8 SYSTEMPATH/CodeIgniter.php(340): CodeIgniter\CodeIgniter->handleRequest()
 9 SYSTEMPATH/Boot.php(417): CodeIgniter\CodeIgniter->run()
10 SYSTEMPATH/Boot.php(68): CodeIgniter\Boot::runCodeIgniter()
11 FCPATH/index.php(59): CodeIgniter\Boot::bootWeb()
12 SYSTEMPATH/rewrite.php(44): require_once('/home/adam/repository/kliksampaisah/public/index.php')
DEBUG - 2026-04-24 09:08:13 --> Session: Class initialized using 'CodeIgniter\Session\Handlers\FileHandler' driver.
ERROR - 2026-04-24 09:08:14 --> Token Error: {"error":"invalid_grant","error_description":"Bad Request"}
DEBUG - 2026-04-24 09:08:14 --> Session: Class initialized using 'CodeIgniter\Session\Handlers\FileHandler' driver.
DEBUG - 2026-04-24 09:08:18 --> Session: Class initialized using 'CodeIgniter\Session\Handlers\FileHandler' driver.
ERROR - 2026-04-24 09:08:20 --> Error connecting to the database: Error: Call to undefined function CodeIgniter\Database\Postgre\pg_connect() in /home/adam/repository/kliksampaisah/system/Database/Postgre/Connection.php:78
Stack trace:
#0 /home/adam/repository/kliksampaisah/system/Database/BaseConnection.php(555): CodeIgniter\Database\Postgre\Connection->connect()
#1 /home/adam/repository/kliksampaisah/system/Database/BaseConnection.php(795): CodeIgniter\Database\BaseConnection->initialize()
#2 /home/adam/repository/kliksampaisah/system/Database/BaseBuilder.php(1649): CodeIgniter\Database\BaseConnection->query()
#3 /home/adam/repository/kliksampaisah/system/Model.php(295): CodeIgniter\Database\BaseBuilder->get()
#4 /home/adam/repository/kliksampaisah/system/BaseModel.php(714): CodeIgniter\Model->doFirst()
#5 /home/adam/repository/kliksampaisah/app/Controllers/Auth.php(205): CodeIgniter\BaseModel->first()
#6 /home/adam/repository/kliksampaisah/system/CodeIgniter.php(951): App\Controllers\Auth->googleAuth()
#7 /home/adam/repository/kliksampaisah/system/CodeIgniter.php(497): CodeIgniter\CodeIgniter->runController()
#8 /home/adam/repository/kliksampaisah/system/CodeIgniter.php(340): CodeIgniter\CodeIgniter->handleRequest()
#9 /home/adam/repository/kliksampaisah/system/Boot.php(417): CodeIgniter\CodeIgniter->run()
#10 /home/adam/repository/kliksampaisah/system/Boot.php(68): CodeIgniter\Boot::runCodeIgniter()
#11 /home/adam/repository/kliksampaisah/public/index.php(59): CodeIgniter\Boot::bootWeb()
#12 /home/adam/repository/kliksampaisah/system/rewrite.php(44): require_once('...')
#13 {main}
CRITICAL - 2026-04-24 09:08:20 --> CodeIgniter\Database\Exceptions\DatabaseException: Unable to connect to the database.
Main connection [Postgre]: Call to undefined function CodeIgniter\Database\Postgre\pg_connect()
[Method: GET, Route: auth/googleCallback]
in SYSTEMPATH/Database/BaseConnection.php on line 606.
 1 SYSTEMPATH/Database/BaseConnection.php(795): CodeIgniter\Database\BaseConnection->initialize()
 2 SYSTEMPATH/Database/BaseBuilder.php(1649): CodeIgniter\Database\BaseConnection->query()
 3 SYSTEMPATH/Model.php(295): CodeIgniter\Database\BaseBuilder->get()
 4 SYSTEMPATH/BaseModel.php(714): CodeIgniter\Model->doFirst()
 5 APPPATH/Controllers/Auth.php(205): CodeIgniter\BaseModel->first()
 6 SYSTEMPATH/CodeIgniter.php(951): App\Controllers\Auth->googleAuth()
 7 SYSTEMPATH/CodeIgniter.php(497): CodeIgniter\CodeIgniter->runController()
 8 SYSTEMPATH/CodeIgniter.php(340): CodeIgniter\CodeIgniter->handleRequest()
 9 SYSTEMPATH/Boot.php(417): CodeIgniter\CodeIgniter->run()
10 SYSTEMPATH/Boot.php(68): CodeIgniter\Boot::runCodeIgniter()
11 FCPATH/index.php(59): CodeIgniter\Boot::bootWeb()
12 SYSTEMPATH/rewrite.php(44): require_once('/home/adam/repository/kliksampaisah/public/index.php')
DEBUG - 2026-04-24 09:12:49 --> Session: Class initialized using 'CodeIgniter\Session\Handlers\FileHandler' driver.
ERROR - 2026-04-24 09:12:50 --> Token Error: {"error":"invalid_grant","error_description":"Bad Request"}
DEBUG - 2026-04-24 09:12:50 --> Session: Class initialized using 'CodeIgniter\Session\Handlers\FileHandler' driver.
DEBUG - 2026-04-24 09:12:55 --> Session: Class initialized using 'CodeIgniter\Session\Handlers\FileHandler' driver.
ERROR - 2026-04-24 09:12:57 --> Failed to save user: {"password":"The password field is required."}
DEBUG - 2026-04-24 09:12:57 --> Session: Class initialized using 'CodeIgniter\Session\Handlers\FileHandler' driver.
CRITICAL - 2026-04-24 09:18:22 --> Error: Call to undefined function Config\get_instance()
[Method: GET, Route: login]
in APPPATH/Config/Routes.php on line 5.
 1 SYSTEMPATH/Router/RouteCollection.php(339): require()
 2 SYSTEMPATH/CodeIgniter.php(818): CodeIgniter\Router\RouteCollection->loadRoutes()
 3 SYSTEMPATH/CodeIgniter.php(441): CodeIgniter\CodeIgniter->tryToRouteIt()
 4 SYSTEMPATH/CodeIgniter.php(340): CodeIgniter\CodeIgniter->handleRequest()
 5 SYSTEMPATH/Boot.php(417): CodeIgniter\CodeIgniter->run()
 6 SYSTEMPATH/Boot.php(68): CodeIgniter\Boot::runCodeIgniter()
 7 FCPATH/index.php(59): CodeIgniter\Boot::bootWeb()
 8 SYSTEMPATH/rewrite.php(44): require_once('/home/adam/repository/kliksampaisah/public/index.php')
DEBUG - 2026-04-24 09:19:09 --> Session: Class initialized using 'CodeIgniter\Session\Handlers\FileHandler' driver.
DEBUG - 2026-04-24 09:19:13 --> Session: Class initialized using 'CodeIgniter\Session\Handlers\FileHandler' driver.
ERROR - 2026-04-24 09:19:15 --> Failed to save user: {"password":"The password field is required."}
DEBUG - 2026-04-24 09:19:15 --> Session: Class initialized using 'CodeIgniter\Session\Handlers\FileHandler' driver.
DEBUG - 2026-04-24 09:21:54 --> Session: Class initialized using 'CodeIgniter\Session\Handlers\FileHandler' driver.
DEBUG - 2026-04-24 09:22:09 --> Session: Class initialized using 'CodeIgniter\Session\Handlers\FileHandler' driver.
DEBUG - 2026-04-24 09:22:15 --> Session: Class initialized using 'CodeIgniter\Session\Handlers\FileHandler' driver.
DEBUG - 2026-04-24 09:22:17 --> Google User Data: {"email":"adammarulyanto@gmail.com","familyName":"marulyanto","gender":null,"givenName":"adam","hd":null,"id":"108737457341631427268","link":null,"locale":null,"name":"adam marulyanto","picture":"https:\/\/lh3.googleusercontent.com\/a\/ACg8ocLztMC9lLekn7lNic3wkvd_N9sooyn4mDy38pYQkGOgh6NcyelE=s96-c","verifiedEmail":true}
DEBUG - 2026-04-24 09:22:17 --> Data to save: {"email":"adammarulyanto@gmail.com","full_name":"adam marulyanto","google_id":"108737457341631427268","avatar":"https:\/\/lh3.googleusercontent.com\/a\/ACg8ocLztMC9lLekn7lNic3wkvd_N9sooyn4mDy38pYQkGOgh6NcyelE=s96-c","username":"adammarulyanto","is_verified":true,"created_at":"2026-04-24 09:22:17","updated_at":"2026-04-24 09:22:17"}
DEBUG - 2026-04-24 09:22:17 --> User saved successfully with ID: 1
DEBUG - 2026-04-24 09:22:17 --> Session set successfully
DEBUG - 2026-04-24 09:22:17 --> Session: Class initialized using 'CodeIgniter\Session\Handlers\FileHandler' driver.
CRITICAL - 2026-04-24 09:22:17 --> ErrorException: Undefined array key "google_id"
[Method: GET, Route: dashboard]
in APPPATH/Views/home/index.php on line 235.
 1 APPPATH/Views/home/index.php(235): CodeIgniter\Debug\Exceptions->errorHandler()
 2 SYSTEMPATH/View/View.php(240): include('/home/adam/repository/kliksampaisah/app/Views/home/index.php')
 3 SYSTEMPATH/View/View.php(243): CodeIgniter\View\View->CodeIgniter\View\{closure}()
 4 SYSTEMPATH/Common.php(1250): CodeIgniter\View\View->render()
 5 APPPATH/Controllers/Home.php(24): view()
 6 SYSTEMPATH/CodeIgniter.php(951): App\Controllers\Home->index()
 7 SYSTEMPATH/CodeIgniter.php(497): CodeIgniter\CodeIgniter->runController()
 8 SYSTEMPATH/CodeIgniter.php(340): CodeIgniter\CodeIgniter->handleRequest()
 9 SYSTEMPATH/Boot.php(417): CodeIgniter\CodeIgniter->run()
10 SYSTEMPATH/Boot.php(68): CodeIgniter\Boot::runCodeIgniter()
11 FCPATH/index.php(59): CodeIgniter\Boot::bootWeb()
12 SYSTEMPATH/rewrite.php(44): require_once('/home/adam/repository/kliksampaisah/public/index.php')
DEBUG - 2026-04-24 09:23:28 --> Session: Class initialized using 'CodeIgniter\Session\Handlers\FileHandler' driver.
DEBUG - 2026-04-24 09:23:47 --> Session: Class initialized using 'CodeIgniter\Session\Handlers\FileHandler' driver.
DEBUG - 2026-04-24 09:23:47 --> Session: Class initialized using 'CodeIgniter\Session\Handlers\FileHandler' driver.
DEBUG - 2026-04-24 09:23:56 --> Session: Class initialized using 'CodeIgniter\Session\Handlers\FileHandler' driver.
DEBUG - 2026-04-24 09:23:57 --> Google User Data: {"email":"adammarulyanto@gmail.com","familyName":"marulyanto","gender":null,"givenName":"adam","hd":null,"id":"108737457341631427268","link":null,"locale":null,"name":"adam marulyanto","picture":"https:\/\/lh3.googleusercontent.com\/a\/ACg8ocLztMC9lLekn7lNic3wkvd_N9sooyn4mDy38pYQkGOgh6NcyelE=s96-c","verifiedEmail":true}
DEBUG - 2026-04-24 09:23:57 --> Session set successfully
DEBUG - 2026-04-24 09:23:57 --> Session: Class initialized using 'CodeIgniter\Session\Handlers\FileHandler' driver.
